<?xml version="1.0" encoding="UTF-8"?>
<!-- Generated by org.testng.reporters.JUnitXMLReporter -->
<testsuite ignored="0" hostname="LAPTOP-097695SD" failures="0" tests="2" name="firefoxTest" time="1.834" errors="0" timestamp="2023-02-10T23:17:40 IST">
  <testcase classname="LoginTest.Testchild1" name="newsignup" time="0.0">
    <skipped/>
  </testcase> <!-- newsignup -->
  <testcase classname="LoginTest.Testchild1" name="setuplog" time="0.0">
    <skipped/>
  </testcase> <!-- setuplog -->
</testsuite> <!-- firefoxTest -->
